Application/build/outputs/logs/manifest-merger-debug-report.txt
-- Merging decision tree log ---
manifest
ADDED from src/main/AndroidManifest.xml:19:1-103:12
	package
		ADDED from src/main/AndroidManifest.xml:21:5-49
	android:versionName
		ADDED from src/main/AndroidManifest.xml:23:5-30
		INJECTED from src/main/AndroidManifest.xml
		INJECTED from src/main/AndroidManifest.xml
	xmlns:tools
		ADDED from src/main/AndroidManifest.xml:20:5-51
	android:versionCode
		ADDED from src/main/AndroidManifest.xml:22:5-28
		INJECTED from src/main/AndroidManifest.xml
		INJECTED from src/main/AndroidManifest.xml
	xmlns:android
		ADDED from src/main/AndroidManifest.xml:19:11-69
uses-permission#android.permission.INTERNET
ADDED from src/main/AndroidManifest.xml:27:5-67
	android:name
		ADDED from src/main/AndroidManifest.xml:27:22-64
uses-permission#android.permission.ACCESS_NETWORK_STATE
ADDED from src/main/AndroidManifest.xml:28:5-79
	android:name
		ADDED from src/main/AndroidManifest.xml:28:22-76
uses-permission#android.permission.READ_EXTERNAL_STORAGE
ADDED from src/main/AndroidManifest.xml:29:5-80
	android:name
		ADDED from src/main/AndroidManifest.xml:29:22-77
uses-permission#android.permission.WRITE_EXTERNAL_STORAGE
ADDED from src/main/AndroidManifest.xml:30:5-81
	android:name
		ADDED from src/main/AndroidManifest.xml:30:22-78
uses-permission#android.permission.BLUETOOTH
ADDED from src/main/AndroidManifest.xml:31:5-67
	android:name
		ADDED from src/main/AndroidManifest.xml:31:22-65
uses-permission#android.permission.BLUETOOTH_ADMIN
ADDED from src/main/AndroidManifest.xml:32:5-74
	android:name
		ADDED from src/main/AndroidManifest.xml:32:22-71
uses-permission#android.permission.ACCESS_COARSE_LOCATION
ADDED from src/main/AndroidManifest.xml:33:5-80
	android:name
		ADDED from src/main/AndroidManifest.xml:33:22-78
uses-permission#android.permission.ACCESS_FINE_LOCATION
ADDED from src/main/AndroidManifest.xml:34:5-78
	android:name
		ADDED from src/main/AndroidManifest.xml:34:22-76
application
ADDED from src/main/AndroidManifest.xml:37:5-102:19
MERGED from [com.android.support:gridlayout-v7:26.1.0] AndroidManifest.xml:22:5-26:19
MERGED from [com.android.support:cardview-v7:26.1.0] AndroidManifest.xml:22:5-26:19
MERGED from [com.android.support:appcompat-v7:26.1.0] AndroidManifest.xml:25:5-29:19
MERGED from [com.android.support:support-v4:26.1.0] AndroidManifest.xml:25:5-29:19
MERGED from [com.android.support:support-media-compat:26.1.0] AndroidManifest.xml:25:5-29:19
MERGED from [com.android.support:support-fragment:26.1.0] AndroidManifest.xml:25:5-29:19
MERGED from [com.android.support:support-core-utils:26.1.0] AndroidManifest.xml:25:5-29:19
MERGED from [com.android.support:animated-vector-drawable:26.1.0] AndroidManifest.xml:22:5-26:19
MERGED from [com.android.support:support-vector-drawable:26.1.0] AndroidManifest.xml:22:5-26:19
MERGED from [com.android.support:support-core-ui:26.1.0] AndroidManifest.xml:25:5-29:19
MERGED from [com.android.support:support-compat:26.1.0] AndroidManifest.xml:25:5-29:19
MERGED from [android.arch.lifecycle:runtime:1.0.0] AndroidManifest.xml:24:5-28:19
	android:label
		ADDED from src/main/AndroidManifest.xml:38:9-41
	android:supportsRtl
		ADDED from src/main/AndroidManifest.xml:42:9-35
	android:allowBackup
		ADDED from src/main/AndroidManifest.xml:41:9-35
	android:icon
		ADDED from src/main/AndroidManifest.xml:39:9-45
	android:networkSecurityConfig
		ADDED from src/main/AndroidManifest.xml:43:9-69
	android:theme
		ADDED from src/main/AndroidManifest.xml:40:9-44
activity#com.example.android.networkconnect.MainActivity
ADDED from src/main/AndroidManifest.xml:44:9-53:20
	android:label
		ADDED from src/main/AndroidManifest.xml:46:13-45
	android:uiOptions
		ADDED from src/main/AndroidManifest.xml:47:13-57
	android:name
		ADDED from src/main/AndroidManifest.xml:45:13-75
intent-filter#android.intent.action.MAIN+android.intent.category.LAUNCHER
ADDED from src/main/AndroidManifest.xml:49:13-52:29
action#android.intent.action.MAIN
ADDED from src/main/AndroidManifest.xml:50:17-69
	android:name
		ADDED from src/main/AndroidManifest.xml:50:25-66
category#android.intent.category.LAUNCHER
ADDED from src/main/AndroidManifest.xml:51:17-77
	android:name
		ADDED from src/main/AndroidManifest.xml:51:27-74
activity#com.example.android.networkconnect.DownloadAndViewActivity
ADDED from src/main/AndroidManifest.xml:55:9-61:20
	android:label
		ADDED from src/main/AndroidManifest.xml:57:13-45
	android:uiOptions
		ADDED from src/main/AndroidManifest.xml:58:13-57
	android:name
		ADDED from src/main/AndroidManifest.xml:56:13-86
category#android.intent.category.DEFAULT
ADDED from src/main/AndroidManifest.xml:60:13-72
	android:name
		ADDED from src/main/AndroidManifest.xml:60:23-69
activity#com.example.android.networkconnect.GetStreamActivity
ADDED from src/main/AndroidManifest.xml:63:9-69:20
	android:label
		ADDED from src/main/AndroidManifest.xml:65:13-60
	android:uiOptions
		ADDED from src/main/AndroidManifest.xml:66:13-57
	android:name
		ADDED from src/main/AndroidManifest.xml:64:13-80
activity#com.example.android.networkconnect.filechooser.FileExplorerActivity
ADDED from src/main/AndroidManifest.xml:70:9-76:20
	android:label
		ADDED from src/main/AndroidManifest.xml:72:13-45
	android:uiOptions
		ADDED from src/main/AndroidManifest.xml:73:13-57
	android:name
		ADDED from src/main/AndroidManifest.xml:71:13-95
activity#com.example.android.networkconnect.filechooser.FileChooser
ADDED from src/main/AndroidManifest.xml:78:9-84:20
	android:label
		ADDED from src/main/AndroidManifest.xml:80:13-45
	android:uiOptions
		ADDED from src/main/AndroidManifest.xml:81:13-57
	android:name
		ADDED from src/main/AndroidManifest.xml:79:13-86
activity#com.example.android.networkconnect.BlueToothActivity
ADDED from src/main/AndroidManifest.xml:86:9-93:20
	android:label
		ADDED from src/main/AndroidManifest.xml:89:13-45
	android:uiOptions
		ADDED from src/main/AndroidManifest.xml:90:13-57
	android:name
		ADDED from src/main/AndroidManifest.xml:88:13-80
activity#com.example.android.networkconnect.ShareWithPairedDevicesActivity
ADDED from src/main/AndroidManifest.xml:95:9-101:20
	android:label
		ADDED from src/main/AndroidManifest.xml:97:13-45
	android:uiOptions
		ADDED from src/main/AndroidManifest.xml:98:13-57
	android:name
		ADDED from src/main/AndroidManifest.xml:96:13-93
uses-sdk
INJECTED from src/main/AndroidManifest.xml reason: use-sdk injection requested
MERGED from [com.android.support:gridlayout-v7:26.1.0] AndroidManifest.xml:20:5-44
MERGED from [com.android.support:cardview-v7:26.1.0] AndroidManifest.xml:20:5-44
MERGED from [com.android.support:appcompat-v7:26.1.0] AndroidManifest.xml:21:5-23:78
MERGED from [com.android.support:support-v4:26.1.0] AndroidManifest.xml:21:5-23:54
MERGED from [com.android.support:support-media-compat:26.1.0] AndroidManifest.xml:21:5-23:63
MERGED from [com.android.support:support-fragment:26.1.0] AndroidManifest.xml:21:5-23:60
MERGED from [com.android.support:support-core-utils:26.1.0] AndroidManifest.xml:21:5-23:61
MERGED from [com.android.support:animated-vector-drawable:26.1.0] AndroidManifest.xml:20:5-44
MERGED from [com.android.support:support-vector-drawable:26.1.0] AndroidManifest.xml:20:5-44
MERGED from [com.android.support:support-core-ui:26.1.0] AndroidManifest.xml:21:5-23:58
MERGED from [com.android.support:support-compat:26.1.0] AndroidManifest.xml:21:5-23:58
MERGED from [android.arch.lifecycle:runtime:1.0.0] AndroidManifest.xml:20:5-22:41
	tools:overrideLibrary
		ADDED from [com.android.support:appcompat-v7:26.1.0] AndroidManifest.xml:23:9-75
	android:targetSdkVersion
		INJECTED from src/main/AndroidManifest.xml
		INJECTED from src/main/AndroidManifest.xml
	android:minSdkVersion
		INJECTED from src/main/AndroidManifest.xml
		INJECTED from src/main/AndroidManifest.xml
meta-data#android.support.VERSION
ADDED from [com.android.support:gridlayout-v7:26.1.0] AndroidManifest.xml:23:9-25:38
MERGED from [com.android.support:cardview-v7:26.1.0] AndroidManifest.xml:23:9-25:38
MERGED from [com.android.support:appcompat-v7:26.1.0] AndroidManifest.xml:26:9-28:38
MERGED from [com.android.support:support-v4:26.1.0] AndroidManifest.xml:26:9-28:38
MERGED from [com.android.support:support-media-compat:26.1.0] AndroidManifest.xml:26:9-28:38
MERGED from [com.android.support:support-fragment:26.1.0] AndroidManifest.xml:26:9-28:38
MERGED from [com.android.support:support-core-utils:26.1.0] AndroidManifest.xml:26:9-28:38
MERGED from [com.android.support:animated-vector-drawable:26.1.0] AndroidManifest.xml:23:9-25:38
MERGED from [com.android.support:support-vector-drawable:26.1.0] AndroidManifest.xml:23:9-25:38
MERGED from [com.android.support:support-core-ui:26.1.0] AndroidManifest.xml:26:9-28:38
MERGED from [com.android.support:support-compat:26.1.0] AndroidManifest.xml:26:9-28:38
	android:value
		ADDED from [com.android.support:gridlayout-v7:26.1.0] AndroidManifest.xml:25:13-35
	android:name
		ADDED from [com.android.support:gridlayout-v7:26.1.0] AndroidManifest.xml:24:13-51
meta-data#android.arch.lifecycle.VERSION
ADDED from [android.arch.lifecycle:runtime:1.0.0] AndroidManifest.xml:25:9-27:47
	android:value
		ADDED from [android.arch.lifecycle:runtime:1.0.0] AndroidManifest.xml:27:13-44
	android:name
		ADDED from [android.arch.lifecycle:runtime:1.0.0] AndroidManifest.xml:26:13-58